SF:lib/domain/entities/weather.dart
DA:4,7
DA:22,2
DA:23,2
DA:24,2
DA:25,2
DA:26,2
DA:27,2
DA:28,2
DA:29,2
DA:30,2
LF:10
LH:10
end_of_record
SF:lib/domain/usecase/get_current_weather.dart
DA:9,1
DA:11,1
DA:12,2
LF:3
LH:3
end_of_record
SF:lib/common/failure.dart
DA:5,3
DA:7,0
DA:8,0
DA:12,3
DA:16,2
DA:20,0
LF:6
LH:3
end_of_record
SF:lib/data/datasources/remote_datasource.dart
DA:15,1
DA:17,1
DA:19,5
DA:20,2
DA:21,3
DA:23,1
LF:6
LH:6
end_of_record
SF:lib/data/models/weather_model.dart
DA:5,4
DA:23,4
DA:24,2
DA:25,6
DA:26,6
DA:27,6
DA:28,4
DA:29,4
DA:30,4
DA:33,2
DA:34,1
DA:35,1
DA:36,1
DA:37,1
DA:38,1
DA:41,1
DA:42,1
DA:43,1
DA:44,1
DA:46,1
DA:49,4
DA:50,2
DA:51,2
DA:52,2
DA:53,2
DA:54,2
DA:55,2
DA:56,2
DA:59,2
DA:60,2
DA:61,2
DA:62,2
DA:63,2
DA:64,2
DA:65,2
DA:66,2
DA:67,2
LF:37
LH:37
end_of_record
SF:lib/common/enum_state.dart
DA:1,6
LF:1
LH:1
end_of_record
SF:lib/presentation/provider/weather_provider.dart
DA:11,1
DA:12,2
DA:15,2
DA:18,0
DA:20,1
DA:21,1
DA:22,1
DA:23,3
DA:24,2
DA:25,1
DA:26,2
DA:27,1
DA:28,1
DA:29,1
DA:30,1
DA:31,1
LF:16
LH:15
end_of_record
SF:lib/common/api_constants.dart
DA:4,1
DA:5,1
DA:6,1
DA:7,1
LF:4
LH:4
end_of_record
SF:lib/presentation/page/weather_page.dart
DA:8,1
DA:10,1
DA:12,1
DA:13,1
DA:20,1
DA:22,1
DA:24,1
DA:25,1
DA:30,1
DA:31,2
DA:35,1
DA:36,1
DA:37,2
DA:41,2
DA:42,1
DA:44,1
DA:45,1
DA:47,1
DA:48,1
DA:49,2
DA:54,1
DA:55,1
DA:56,1
DA:57,2
DA:64,1
DA:65,5
DA:72,1
DA:74,1
DA:79,1
DA:80,2
DA:91,1
DA:93,1
DA:94,3
DA:103,2
DA:114,1
DA:116,1
DA:117,3
DA:125,2
DA:136,1
DA:138,1
DA:139,3
DA:152,2
LF:42
LH:42
end_of_record
SF:lib/data/repositories/weather_repository_impl.dart
DA:13,1
DA:15,1
DA:17,3
DA:18,2
DA:19,1
DA:20,1
DA:21,1
DA:22,1
LF:8
LH:8
end_of_record
